2026-01-30 12:21:00,968 - INFO - Starting Licensing Board Scraper Application
2026-01-30 12:21:00,968 - INFO - Initializing Scraper Service...
2026-01-30 12:21:00,968 - INFO - Fetching https://www.boston.gov/departments/licensing-board/licensing-board-information-and-members...
2026-01-30 12:21:02,795 - INFO - Parsing links...
2026-01-30 12:21:02,832 - INFO - Saving 404 video links to /Users/dan/Code/Vibe_Coding/Code_For_Boston/boston-liquor-license-tracker/scraper/scrape/data/hearing_video_links.json...
2026-01-30 12:21:02,833 - INFO - Saved data to /Users/dan/Code/Vibe_Coding/Code_For_Boston/boston-liquor-license-tracker/scraper/scrape/data/hearing_video_links.json
2026-01-30 12:21:02,833 - INFO - Extracting dates...
2026-01-30 12:21:02,834 - INFO - Saving 141 minutes links...
2026-01-30 12:21:02,835 - INFO - Saved data to /Users/dan/Code/Vibe_Coding/Code_For_Boston/boston-liquor-license-tracker/scraper/scrape/data/voting_minutes_links.json
2026-01-30 12:21:02,835 - INFO - Link stats:
2026-01-30 12:21:02,835 - INFO - total_links: 605
2026-01-30 12:21:02,835 - INFO - client_side_links: 15
2026-01-30 12:21:02,835 - INFO - excluded_links: 45
2026-01-30 12:21:02,835 - INFO - video_links: 404
2026-01-30 12:21:02,835 - INFO - minutes_links: 141
2026-01-30 12:21:02,835 - INFO - Stats logged to /Users/dan/Code/Vibe_Coding/Code_For_Boston/boston-liquor-license-tracker/scraper/scrape/data/link_stats_log.csv
2026-01-30 12:21:02,835 - INFO - Scraping completed.
2026-01-30 12:21:02,835 - INFO - Initializing Downloader Service...
2026-01-30 12:21:02,835 - INFO - Starting download process...
2026-01-30 12:21:03,115 - INFO - Saved voting_minutes_2026-01-08.pdf
2026-01-30 12:21:03,321 - INFO - Saved voting_minutes_2026-01-29.pdf
2026-01-30 12:21:03,542 - INFO - Saved voting_minutes_2025-01-09.pdf
2026-01-30 12:21:03,756 - INFO - Saved voting_minutes_2025-01-16.pdf
2026-01-30 12:21:03,980 - INFO - Saved voting_minutes_2025-01-23.pdf
2026-01-30 12:21:04,215 - INFO - Saved voting_minutes_2025-02-13.pdf
2026-01-30 12:21:04,457 - INFO - Saved voting_minutes_2025-02-27.pdf
2026-01-30 12:21:04,680 - INFO - Saved voting_minutes_2025-03-06.pdf
2026-01-30 12:21:04,931 - INFO - Saved voting_minutes_2025-03-27.pdf
2026-01-30 12:21:05,179 - INFO - Saved voting_minutes_2025-04-03.pdf
2026-01-30 12:21:05,425 - INFO - Saved voting_minutes_2025-04-17.pdf
2026-01-30 12:21:05,758 - INFO - Saved voting_minutes_2025-05-01.pdf
2026-01-30 12:21:05,989 - INFO - Saved voting_minutes_2025-05-15.pdf
2026-01-30 12:21:06,234 - INFO - Saved voting_minutes_2025-05-29.pdf
2026-01-30 12:21:06,447 - INFO - Saved voting_minutes_2025-06-05.pdf
2026-01-30 12:21:06,686 - INFO - Saved voting_minutes_2025-06-26.pdf
2026-01-30 12:21:06,926 - INFO - Saved voting_minutes_2025-07-17.pdf
2026-01-30 12:21:07,178 - INFO - Saved voting_minutes_2025-07-31.pdf
2026-01-30 12:21:07,452 - INFO - Saved voting_minutes_2025-08-07.pdf
2026-01-30 12:21:07,744 - INFO - Saved voting_minutes_2025-08-28.pdf
2026-01-30 12:21:07,966 - INFO - Saved voting_minutes_2025-09-18.pdf
2026-01-30 12:21:08,208 - INFO - Saved voting_minutes_2025-10-23.pdf
2026-01-30 12:21:10,250 - INFO - Saved voting_minutes_yyyy-11-06.pdf
2026-01-30 12:21:12,174 - INFO - Saved voting_minutes_yyyy-11-20.pdf
2026-01-30 12:21:12,433 - INFO - Saved voting_minutes_2025-12-04.pdf
2026-01-30 12:21:12,657 - INFO - Saved voting_minutes_2025-12-18.pdf
2026-01-30 12:21:12,865 - INFO - Saved voting_minutes_2024-01-04.pdf
2026-01-30 12:21:13,080 - INFO - Saved voting_minutes_2024-02-01.pdf
2026-01-30 12:21:13,264 - INFO - Saved voting_minutes_2024-02-08.pdf
2026-01-30 12:21:13,469 - INFO - Saved voting_minutes_2024-02-29.pdf
2026-01-30 12:21:13,661 - INFO - Saved voting_minutes_2024-03-07.pdf
2026-01-30 12:21:13,861 - INFO - Saved voting_minutes_2024-03-28.pdf
2026-01-30 12:21:14,055 - INFO - Saved voting_minutes_2024-04-04.pdf
2026-01-30 12:21:14,245 - INFO - Saved voting_minutes_2024-04-25.pdf
2026-01-30 12:21:14,462 - INFO - Saved voting_minutes_2024-05-01.pdf
2026-01-30 12:21:14,680 - INFO - Saved voting_minutes_2024-05-23.pdf
2026-01-30 12:21:14,858 - INFO - Saved voting_minutes_2024-06-06.pdf
2026-01-30 12:21:15,136 - INFO - Saved voting_minutes_2024-06-26.pdf
2026-01-30 12:21:15,350 - INFO - Saved voting_minutes_2024-07-11.pdf
2026-01-30 12:21:15,568 - INFO - Saved voting_minutes_2024-08-01.pdf
2026-01-30 12:21:15,759 - INFO - Saved voting_minutes_2024-08-08.pdf
2026-01-30 12:21:15,987 - INFO - Saved voting_minutes_2024-08-22.pdf
2026-01-30 12:21:16,248 - INFO - Saved voting_minutes_2024-09-12.pdf
2026-01-30 12:21:16,439 - INFO - Saved voting_minutes_2024-09-26.pdf
2026-01-30 12:21:16,644 - INFO - Saved voting_minutes_2024-10-17.pdf
2026-01-30 12:21:16,872 - INFO - Saved voting_minutes_2024-10-31.pdf
2026-01-30 12:21:17,061 - INFO - Saved voting_minutes_2024-11-14.pdf
2026-01-30 12:21:17,333 - INFO - Saved voting_minutes_2024-11-21.pdf
2026-01-30 12:21:17,537 - INFO - Saved voting_minutes_2024-12-12.pdf
2026-01-30 12:21:17,734 - INFO - Saved voting_minutes_2023-01-05.pdf
2026-01-30 12:21:17,929 - INFO - Saved voting_minutes_2023-01-25.pdf
2026-01-30 12:21:18,146 - INFO - Saved voting_minutes_2023-02-02.pdf
2026-01-30 12:21:18,343 - INFO - Saved voting_minutes_2023-02-16.pdf
2026-01-30 12:21:18,561 - INFO - Saved voting_minutes_2023-03-08.pdf
2026-01-30 12:21:18,759 - INFO - Saved voting_minutes_2023-03-30.pdf
2026-01-30 12:21:18,971 - INFO - Saved voting_minutes_2023-04-06.pdf
2026-01-30 12:21:19,208 - INFO - Saved voting_minutes_2023-04-27.pdf
2026-01-30 12:21:19,398 - INFO - Saved voting_minutes_2023-05-04.pdf
2026-01-30 12:21:19,601 - INFO - Saved voting_minutes_2023-05-25.pdf
2026-01-30 12:21:19,800 - INFO - Saved voting_minutes_2023-06-08.pdf
2026-01-30 12:21:19,968 - INFO - Saved voting_minutes_2023-06-29.pdf
2026-01-30 12:21:20,200 - INFO - Saved voting_minutes_2023-07-20.pdf
2026-01-30 12:21:20,397 - INFO - Saved voting_minutes_2023-08-17.pdf
2026-01-30 12:21:20,620 - INFO - Saved voting_minutes_2023-09-14.pdf
2026-01-30 12:21:20,810 - INFO - Saved voting_minutes_2023-09-28.pdf
2026-01-30 12:21:21,019 - INFO - Saved voting_minutes_2023-10-04.pdf
2026-01-30 12:21:21,212 - INFO - Saved voting_minutes_2023-10-26.pdf
2026-01-30 12:21:21,442 - INFO - Saved voting_minutes_2023-11-02.pdf
2026-01-30 12:21:21,598 - INFO - Saved voting_minutes_2023-11-16.pdf
2026-01-30 12:21:21,812 - INFO - Saved voting_minutes_2023-12-14.pdf
2026-01-30 12:21:22,021 - INFO - Saved voting_minutes_2022-01-06.pdf
2026-01-30 12:21:22,227 - INFO - Saved voting_minutes_2022-01-20.pdf
2026-01-30 12:21:22,478 - INFO - Saved voting_minutes_2022-01-27.pdf
2026-01-30 12:21:22,754 - INFO - Saved voting_minutes_2022-02-03.pdf
2026-01-30 12:21:22,969 - INFO - Saved voting_minutes_2022-02-17.pdf
2026-01-30 12:21:23,239 - INFO - Saved voting_minutes_2022-03-03.pdf
2026-01-30 12:21:23,440 - INFO - Saved voting_minutes_2022-03-24.pdf
2026-01-30 12:21:23,632 - INFO - Saved voting_minutes_2022-04-07.pdf
2026-01-30 12:21:23,805 - INFO - Saved voting_minutes_2022-04-28.pdf
2026-01-30 12:21:24,011 - INFO - Saved voting_minutes_2022-05-05.pdf
2026-01-30 12:21:24,238 - INFO - Saved voting_minutes_2022-05-26.pdf
2026-01-30 12:21:24,453 - INFO - Saved voting_minutes_2022-06-08.pdf
2026-01-30 12:21:24,625 - INFO - Saved voting_minutes_2022-06-30.pdf
2026-01-30 12:21:24,973 - INFO - Saved voting_minutes_2022-07-14.pdf
2026-01-30 12:21:25,148 - INFO - Saved voting_minutes_2022-07-28.pdf
2026-01-30 12:21:25,337 - INFO - Saved voting_minutes_2022-08-04.pdf
2026-01-30 12:21:25,510 - INFO - Saved voting_minutes_2022-08-25.pdf
2026-01-30 12:21:25,686 - INFO - Saved voting_minutes_2022-09-15.pdf
2026-01-30 12:21:25,880 - INFO - Saved voting_minutes_2022-09-29.pdf
2026-01-30 12:21:26,075 - INFO - Saved voting_minutes_2022-10-06.pdf
2026-01-30 12:21:26,269 - INFO - Saved voting_minutes_2022-10-26.pdf
2026-01-30 12:21:26,452 - INFO - Saved voting_minutes_2022-11-03.pdf
2026-01-30 12:21:26,647 - INFO - Saved voting_minutes_2022-11-17.pdf
2026-01-30 12:21:26,862 - INFO - Saved voting_minutes_2022-12-15.pdf
2026-01-30 12:21:27,067 - INFO - Saved voting_minutes_2021-01-21.pdf
2026-01-30 12:21:27,254 - INFO - Saved voting_minutes_2021-01-28.pdf
2026-01-30 12:21:27,447 - INFO - Saved voting_minutes_2021-02-04.pdf
2026-01-30 12:21:27,652 - INFO - Saved voting_minutes_2021-02-25.pdf
2026-01-30 12:21:27,842 - INFO - Saved voting_minutes_2021-03-04.pdf
2026-01-30 12:21:28,024 - INFO - Saved voting_minutes_2021-04-01.pdf
2026-01-30 12:21:28,216 - INFO - Saved voting_minutes_yyyy-mm-dd.pdf
2026-01-30 12:21:28,410 - INFO - Saved voting_minutes_2021-04-08.pdf
2026-01-30 12:21:28,576 - INFO - No change - voting_minutes_yyyy-mm-dd.pdf is up to date
2026-01-30 12:21:28,741 - INFO - Saved voting_minutes_2021-04-20.pdf
2026-01-30 12:21:28,934 - INFO - Saved voting_minutes_2021-04-29.pdf
2026-01-30 12:21:29,149 - INFO - Saved voting_minutes_2021-05-06.pdf
2026-01-30 12:21:29,348 - INFO - Saved voting_minutes_2021-05-27.pdf
2026-01-30 12:21:29,550 - INFO - Saved voting_minutes_2021-06-03.pdf
2026-01-30 12:21:29,758 - INFO - Saved voting_minutes_2021-06-24.pdf
2026-01-30 12:21:29,954 - INFO - Saved voting_minutes_2021-07-01.pdf
2026-01-30 12:21:30,247 - INFO - Saved voting_minutes_2021-07-29.pdf
2026-01-30 12:21:30,438 - INFO - Saved voting_minutes_2021-08-09.pdf
2026-01-30 12:21:30,879 - INFO - Saved voting_minutes_2021-08-26.pdf
2026-01-30 12:21:31,080 - INFO - Saved voting_minutes_2021-09-02.pdf
2026-01-30 12:21:31,260 - INFO - Saved voting_minutes_2021-09-30.pdf
2026-01-30 12:21:31,471 - INFO - Saved voting_minutes_2021-10-07.pdf
2026-01-30 12:21:31,658 - INFO - Saved voting_minutes_2021-10-28.pdf
2026-01-30 12:21:31,881 - INFO - Saved voting_minutes_2021-11-04.pdf
2026-01-30 12:21:32,137 - INFO - Saved voting_minutes_2021-11-18.pdf
2026-01-30 12:21:32,342 - INFO - Saved voting_minutes_2021-12-02.pdf
2026-01-30 12:21:32,548 - INFO - Saved voting_minutes_2021-12-16.pdf
2026-01-30 12:21:32,778 - INFO - Saved voting_minutes_2020-12-23.pdf
2026-01-30 12:21:32,966 - INFO - Saved voting_minutes_2020-12-03.pdf
2026-01-30 12:21:33,175 - INFO - Saved voting_minutes_2020-11-05.pdf
2026-01-30 12:21:33,355 - INFO - Saved voting_minutes_2020-10-29.pdf
2026-01-30 12:21:33,551 - INFO - Saved voting_minutes_2020-10-08.pdf
2026-01-30 12:21:33,763 - INFO - Saved voting_minutes_2020-10-01.pdf
2026-01-30 12:21:33,960 - INFO - Saved voting_minutes_2020-09-17.pdf
2026-01-30 12:21:34,164 - INFO - Saved voting_minutes_2020-09-10.pdf
2026-01-30 12:21:34,352 - INFO - No change - voting_minutes_2020-09-10.pdf is up to date
2026-01-30 12:21:34,532 - INFO - Saved voting_minutes_2020-08-20.pdf
2026-01-30 12:21:34,729 - INFO - Saved voting_minutes_2020-08-13.pdf
2026-01-30 12:21:34,938 - INFO - Saved voting_minutes_2020-07-30.pdf
2026-01-30 12:21:35,156 - INFO - Saved voting_minutes_2020-07-16.pdf
2026-01-30 12:21:35,374 - INFO - Saved voting_minutes_2020-06-04.pdf
2026-01-30 12:21:35,568 - INFO - Saved voting_minutes_2020-05-28.pdf
2026-01-30 12:21:35,805 - INFO - Saved voting_minutes_2020-05-21.pdf
2026-01-30 12:21:35,998 - INFO - Saved voting_minutes_2020-05-14.pdf
2026-01-30 12:21:36,193 - INFO - Saved voting_minutes_2020-05-07.pdf
2026-01-30 12:21:36,420 - INFO - Saved voting_minutes_2020-04-23.pdf
2026-01-30 12:21:36,611 - INFO - Saved voting_minutes_2020-04-30.pdf
2026-01-30 12:21:36,612 - INFO - Download process completed.
2026-01-30 12:21:36,612 - INFO - Application finished successfully.
2026-01-30 12:21:36,612 - INFO - Total runtime: 0 minutes 35.64 seconds
2026-01-30 12:41:29,877 - INFO - Starting Licensing Board Scraper Application
2026-01-30 12:41:29,877 - INFO - Initializing Scraper Service...
2026-01-30 12:41:29,877 - INFO - Fetching https://www.boston.gov/departments/licensing-board/licensing-board-information-and-members...
2026-01-30 12:41:31,880 - INFO - Parsing links...
2026-01-30 12:41:31,914 - INFO - Saving 404 video links to /Users/dan/Code/Vibe_Coding/Code_For_Boston/boston-liquor-license-tracker/scraper/scrape/data/hearing_video_links.json...
2026-01-30 12:41:31,915 - INFO - Saved data to /Users/dan/Code/Vibe_Coding/Code_For_Boston/boston-liquor-license-tracker/scraper/scrape/data/hearing_video_links.json
2026-01-30 12:41:31,915 - INFO - Extracting dates...
2026-01-30 12:41:31,916 - INFO - Saving 141 minutes links...
2026-01-30 12:41:31,916 - INFO - Saved data to /Users/dan/Code/Vibe_Coding/Code_For_Boston/boston-liquor-license-tracker/scraper/scrape/data/voting_minutes_links.json
2026-01-30 12:41:31,916 - INFO - Link stats:
2026-01-30 12:41:31,916 - INFO - total_links: 605
2026-01-30 12:41:31,916 - INFO - client_side_links: 15
2026-01-30 12:41:31,916 - INFO - excluded_links: 45
2026-01-30 12:41:31,916 - INFO - video_links: 404
2026-01-30 12:41:31,916 - INFO - minutes_links: 141
2026-01-30 12:41:31,917 - INFO - Stats logged to /Users/dan/Code/Vibe_Coding/Code_For_Boston/boston-liquor-license-tracker/scraper/scrape/data/link_stats_log.csv
2026-01-30 12:41:31,917 - INFO - Scraping completed.
2026-01-30 12:41:31,917 - INFO - Initializing Downloader Service with download_dir: ./voting_minutes_pdfs2
2026-01-30 12:41:31,917 - INFO - Starting download process...
2026-01-30 12:41:32,133 - INFO - Saved voting_minutes_2026-01-08.pdf
2026-01-30 12:41:32,990 - INFO - Saved voting_minutes_2026-01-29.pdf
2026-01-30 12:41:33,176 - INFO - Saved voting_minutes_2025-01-09.pdf
2026-01-30 12:41:33,374 - INFO - Saved voting_minutes_2025-01-16.pdf
2026-01-30 12:41:33,560 - INFO - Saved voting_minutes_2025-01-23.pdf
2026-01-30 12:41:33,769 - INFO - Saved voting_minutes_2025-02-13.pdf
2026-01-30 12:41:33,975 - INFO - Saved voting_minutes_2025-02-27.pdf
2026-01-30 12:41:34,162 - INFO - Saved voting_minutes_2025-03-06.pdf
2026-01-30 12:41:34,367 - INFO - Saved voting_minutes_2025-03-27.pdf
2026-01-30 12:41:34,563 - INFO - Saved voting_minutes_2025-04-03.pdf
2026-01-30 12:41:34,739 - INFO - Saved voting_minutes_2025-04-17.pdf
2026-01-30 12:41:34,959 - INFO - Saved voting_minutes_2025-05-01.pdf
2026-01-30 12:41:35,167 - INFO - Saved voting_minutes_2025-05-15.pdf
2026-01-30 12:41:35,366 - INFO - Saved voting_minutes_2025-05-29.pdf
2026-01-30 12:41:35,567 - INFO - Saved voting_minutes_2025-06-05.pdf
2026-01-30 12:41:35,862 - INFO - Saved voting_minutes_2025-06-26.pdf
2026-01-30 12:41:36,084 - INFO - Saved voting_minutes_2025-07-17.pdf
2026-01-30 12:41:36,264 - INFO - Saved voting_minutes_2025-07-31.pdf
2026-01-30 12:41:36,447 - INFO - Saved voting_minutes_2025-08-07.pdf
2026-01-30 12:41:36,666 - INFO - Saved voting_minutes_2025-08-28.pdf
2026-01-30 12:41:36,861 - INFO - Saved voting_minutes_2025-09-18.pdf
2026-01-30 12:41:37,072 - INFO - Saved voting_minutes_2025-10-23.pdf
2026-01-30 12:41:39,756 - INFO - Saved voting_minutes_yyyy-11-06.pdf
2026-01-30 12:41:41,643 - INFO - Saved voting_minutes_yyyy-11-20.pdf
2026-01-30 12:41:41,913 - INFO - Saved voting_minutes_2025-12-04.pdf
2026-01-30 12:41:42,103 - INFO - Saved voting_minutes_2025-12-18.pdf
2026-01-30 12:41:42,285 - INFO - Saved voting_minutes_2024-01-04.pdf
2026-01-30 12:41:42,451 - INFO - Saved voting_minutes_2024-02-01.pdf
2026-01-30 12:41:42,616 - INFO - Saved voting_minutes_2024-02-08.pdf
2026-01-30 12:41:42,836 - INFO - Saved voting_minutes_2024-02-29.pdf
2026-01-30 12:41:43,003 - INFO - Saved voting_minutes_2024-03-07.pdf
2026-01-30 12:41:43,175 - INFO - Saved voting_minutes_2024-03-28.pdf
2026-01-30 12:41:43,331 - INFO - Saved voting_minutes_2024-04-04.pdf
2026-01-30 12:41:43,500 - INFO - Saved voting_minutes_2024-04-25.pdf
2026-01-30 12:41:43,667 - INFO - Saved voting_minutes_2024-05-01.pdf
2026-01-30 12:41:43,834 - INFO - Saved voting_minutes_2024-05-23.pdf
2026-01-30 12:41:44,002 - INFO - Saved voting_minutes_2024-06-06.pdf
2026-01-30 12:41:44,171 - INFO - Saved voting_minutes_2024-06-26.pdf
2026-01-30 12:41:44,352 - INFO - Saved voting_minutes_2024-07-11.pdf
2026-01-30 12:41:44,515 - INFO - Saved voting_minutes_2024-08-01.pdf
2026-01-30 12:41:44,666 - INFO - Saved voting_minutes_2024-08-08.pdf
2026-01-30 12:41:44,848 - INFO - Saved voting_minutes_2024-08-22.pdf
2026-01-30 12:41:45,018 - INFO - Saved voting_minutes_2024-09-12.pdf
2026-01-30 12:41:45,189 - INFO - Saved voting_minutes_2024-09-26.pdf
2026-01-30 12:41:45,374 - INFO - Saved voting_minutes_2024-10-17.pdf
2026-01-30 12:41:45,558 - INFO - Saved voting_minutes_2024-10-31.pdf
2026-01-30 12:41:45,738 - INFO - Saved voting_minutes_2024-11-14.pdf
2026-01-30 12:41:45,900 - INFO - Saved voting_minutes_2024-11-21.pdf
2026-01-30 12:41:46,075 - INFO - Saved voting_minutes_2024-12-12.pdf
2026-01-30 12:41:46,238 - INFO - Saved voting_minutes_2023-01-05.pdf
2026-01-30 12:41:46,398 - INFO - Saved voting_minutes_2023-01-25.pdf
2026-01-30 12:41:46,564 - INFO - Saved voting_minutes_2023-02-02.pdf
2026-01-30 12:41:46,720 - INFO - Saved voting_minutes_2023-02-16.pdf
2026-01-30 12:41:46,883 - INFO - Saved voting_minutes_2023-03-08.pdf
2026-01-30 12:41:47,065 - INFO - Saved voting_minutes_2023-03-30.pdf
2026-01-30 12:41:47,239 - INFO - Saved voting_minutes_2023-04-06.pdf
2026-01-30 12:41:47,417 - INFO - Saved voting_minutes_2023-04-27.pdf
2026-01-30 12:41:47,633 - INFO - Saved voting_minutes_2023-05-04.pdf
2026-01-30 12:41:47,790 - INFO - Saved voting_minutes_2023-05-25.pdf
2026-01-30 12:41:47,990 - INFO - Saved voting_minutes_2023-06-08.pdf
2026-01-30 12:41:48,146 - INFO - Saved voting_minutes_2023-06-29.pdf
2026-01-30 12:41:48,319 - INFO - Saved voting_minutes_2023-07-20.pdf
2026-01-30 12:41:48,498 - INFO - Saved voting_minutes_2023-08-17.pdf
2026-01-30 12:41:48,701 - INFO - Saved voting_minutes_2023-09-14.pdf
2026-01-30 12:41:48,869 - INFO - Saved voting_minutes_2023-09-28.pdf
2026-01-30 12:41:49,029 - INFO - Saved voting_minutes_2023-10-04.pdf
2026-01-30 12:41:49,201 - INFO - Saved voting_minutes_2023-10-26.pdf
2026-01-30 12:41:49,366 - INFO - Saved voting_minutes_2023-11-02.pdf
2026-01-30 12:41:49,533 - INFO - Saved voting_minutes_2023-11-16.pdf
2026-01-30 12:41:49,708 - INFO - Saved voting_minutes_2023-12-14.pdf
2026-01-30 12:41:49,879 - INFO - Saved voting_minutes_2022-01-06.pdf
2026-01-30 12:41:50,063 - INFO - Saved voting_minutes_2022-01-20.pdf
2026-01-30 12:41:50,261 - INFO - Saved voting_minutes_2022-01-27.pdf
2026-01-30 12:41:50,422 - INFO - Saved voting_minutes_2022-02-03.pdf
2026-01-30 12:41:50,583 - INFO - Saved voting_minutes_2022-02-17.pdf
2026-01-30 12:41:50,742 - INFO - Saved voting_minutes_2022-03-03.pdf
2026-01-30 12:41:50,898 - INFO - Saved voting_minutes_2022-03-24.pdf
2026-01-30 12:41:51,062 - INFO - Saved voting_minutes_2022-04-07.pdf
2026-01-30 12:41:51,235 - INFO - Saved voting_minutes_2022-04-28.pdf
2026-01-30 12:41:51,407 - INFO - Saved voting_minutes_2022-05-05.pdf
2026-01-30 12:41:51,633 - INFO - Saved voting_minutes_2022-05-26.pdf
2026-01-30 12:41:51,803 - INFO - Saved voting_minutes_2022-06-08.pdf
2026-01-30 12:41:51,991 - INFO - Saved voting_minutes_2022-06-30.pdf
2026-01-30 12:41:52,155 - INFO - Saved voting_minutes_2022-07-14.pdf
2026-01-30 12:41:52,321 - INFO - Saved voting_minutes_2022-07-28.pdf
2026-01-30 12:41:52,502 - INFO - Saved voting_minutes_2022-08-04.pdf
2026-01-30 12:41:52,662 - INFO - Saved voting_minutes_2022-08-25.pdf
2026-01-30 12:41:52,822 - INFO - Saved voting_minutes_2022-09-15.pdf
2026-01-30 12:41:52,981 - INFO - Saved voting_minutes_2022-09-29.pdf
2026-01-30 12:41:53,140 - INFO - Saved voting_minutes_2022-10-06.pdf
2026-01-30 12:41:53,308 - INFO - Saved voting_minutes_2022-10-26.pdf
2026-01-30 12:41:53,476 - INFO - Saved voting_minutes_2022-11-03.pdf
2026-01-30 12:41:53,645 - INFO - Saved voting_minutes_2022-11-17.pdf
2026-01-30 12:41:53,820 - INFO - Saved voting_minutes_2022-12-15.pdf
2026-01-30 12:41:53,970 - INFO - Saved voting_minutes_2021-01-21.pdf
2026-01-30 12:41:54,124 - INFO - Saved voting_minutes_2021-01-28.pdf
2026-01-30 12:41:54,278 - INFO - Saved voting_minutes_2021-02-04.pdf
2026-01-30 12:41:54,451 - INFO - Saved voting_minutes_2021-02-25.pdf
2026-01-30 12:41:54,641 - INFO - Saved voting_minutes_2021-03-04.pdf
2026-01-30 12:41:54,801 - INFO - Saved voting_minutes_2021-04-01.pdf
2026-01-30 12:41:54,967 - INFO - Saved voting_minutes_yyyy-mm-dd.pdf
2026-01-30 12:41:55,135 - INFO - Saved voting_minutes_2021-04-08.pdf
2026-01-30 12:41:55,301 - INFO - No change - voting_minutes_yyyy-mm-dd.pdf is up to date
2026-01-30 12:41:55,437 - INFO - Saved voting_minutes_2021-04-20.pdf
2026-01-30 12:41:55,606 - INFO - Saved voting_minutes_2021-04-29.pdf
2026-01-30 12:41:55,769 - INFO - Saved voting_minutes_2021-05-06.pdf
2026-01-30 12:41:55,928 - INFO - Saved voting_minutes_2021-05-27.pdf
2026-01-30 12:41:56,089 - INFO - Saved voting_minutes_2021-06-03.pdf
2026-01-30 12:41:56,254 - INFO - Saved voting_minutes_2021-06-24.pdf
2026-01-30 12:41:56,428 - INFO - Saved voting_minutes_2021-07-01.pdf
2026-01-30 12:41:56,630 - INFO - Saved voting_minutes_2021-07-29.pdf
2026-01-30 12:41:56,793 - INFO - Saved voting_minutes_2021-08-09.pdf
2026-01-30 12:41:57,051 - INFO - Saved voting_minutes_2021-08-26.pdf
2026-01-30 12:41:57,251 - INFO - Saved voting_minutes_2021-09-02.pdf
2026-01-30 12:41:57,499 - INFO - Saved voting_minutes_2021-09-30.pdf
2026-01-30 12:41:57,680 - INFO - Saved voting_minutes_2021-10-07.pdf
2026-01-30 12:41:57,855 - INFO - Saved voting_minutes_2021-10-28.pdf
2026-01-30 12:41:58,026 - INFO - Saved voting_minutes_2021-11-04.pdf
2026-01-30 12:41:58,184 - INFO - Saved voting_minutes_2021-11-18.pdf
2026-01-30 12:41:58,353 - INFO - Saved voting_minutes_2021-12-02.pdf
2026-01-30 12:41:58,525 - INFO - Saved voting_minutes_2021-12-16.pdf
2026-01-30 12:41:58,674 - INFO - Saved voting_minutes_2020-12-23.pdf
2026-01-30 12:41:58,832 - INFO - Saved voting_minutes_2020-12-03.pdf
2026-01-30 12:41:58,983 - INFO - Saved voting_minutes_2020-11-05.pdf
2026-01-30 12:41:59,157 - INFO - Saved voting_minutes_2020-10-29.pdf
2026-01-30 12:41:59,313 - INFO - Saved voting_minutes_2020-10-08.pdf
2026-01-30 12:41:59,497 - INFO - Saved voting_minutes_2020-10-01.pdf
2026-01-30 12:41:59,662 - INFO - Saved voting_minutes_2020-09-17.pdf
2026-01-30 12:41:59,818 - INFO - Saved voting_minutes_2020-09-10.pdf
2026-01-30 12:41:59,964 - INFO - No change - voting_minutes_2020-09-10.pdf is up to date
2026-01-30 12:42:00,120 - INFO - Saved voting_minutes_2020-08-20.pdf
2026-01-30 12:42:00,273 - INFO - Saved voting_minutes_2020-08-13.pdf
2026-01-30 12:42:00,435 - INFO - Saved voting_minutes_2020-07-30.pdf
2026-01-30 12:42:00,585 - INFO - Saved voting_minutes_2020-07-16.pdf
2026-01-30 12:42:00,734 - INFO - Saved voting_minutes_2020-06-04.pdf
2026-01-30 12:42:00,987 - INFO - Saved voting_minutes_2020-05-28.pdf
2026-01-30 12:42:01,149 - INFO - Saved voting_minutes_2020-05-21.pdf
2026-01-30 12:42:01,306 - INFO - Saved voting_minutes_2020-05-14.pdf
2026-01-30 12:42:01,471 - INFO - Saved voting_minutes_2020-05-07.pdf
2026-01-30 12:42:01,643 - INFO - Saved voting_minutes_2020-04-23.pdf
2026-01-30 12:42:01,799 - INFO - Saved voting_minutes_2020-04-30.pdf
2026-01-30 12:42:01,799 - INFO - Download process completed.
2026-01-30 12:42:01,799 - INFO - Application finished successfully.
2026-01-30 12:42:01,799 - INFO - Total runtime: 0 minutes 31.92 seconds
2026-03-05 17:33:49,753 - INFO - Starting Licensing Board Scraper Application
2026-03-05 17:33:49,753 - INFO - Initializing Scraper Service...
2026-03-05 17:33:49,753 - INFO - Fetching https://www.boston.gov/departments/licensing-board/licensing-board-information-and-members...
2026-03-05 17:33:51,747 - INFO - Parsing links...
2026-03-05 17:33:51,820 - INFO - Saving 408 video links to /home/runner/work/boston-liquor-license-tracker/boston-liquor-license-tracker/scraper/scrape/data/hearing_video_links.json...
2026-03-05 17:33:51,822 - INFO - Saved data to /home/runner/work/boston-liquor-license-tracker/boston-liquor-license-tracker/scraper/scrape/data/hearing_video_links.json
2026-03-05 17:33:51,822 - INFO - Extracting dates...
2026-03-05 17:33:51,824 - INFO - Saving 143 minutes links...
2026-03-05 17:33:51,824 - INFO - Saved data to /home/runner/work/boston-liquor-license-tracker/boston-liquor-license-tracker/scraper/scrape/data/voting_minutes_links.json
2026-03-05 17:33:51,824 - INFO - Link stats:
2026-03-05 17:33:51,825 - INFO - total_links: 611
2026-03-05 17:33:51,825 - INFO - client_side_links: 15
2026-03-05 17:33:51,825 - INFO - excluded_links: 45
2026-03-05 17:33:51,825 - INFO - video_links: 408
2026-03-05 17:33:51,825 - INFO - minutes_links: 143
2026-03-05 17:33:51,825 - INFO - Stats logged to /home/runner/work/boston-liquor-license-tracker/boston-liquor-license-tracker/scraper/scrape/data/link_stats_log.csv
2026-03-05 17:33:51,825 - INFO - Scraping completed.
2026-03-05 17:33:51,825 - INFO - Initializing Downloader Service with download_dir: ./data/voting_minutes_pdfs
2026-03-05 17:33:51,825 - INFO - Starting download process...
2026-03-05 17:33:52,767 - WARNING - Invalid PDF at https://www.boston.gov/departments/elections/how-add-your-name-annual-census. Adding to exclude list.
2026-03-05 17:33:53,039 - INFO - Saved voting_minutes_2026-01-08.pdf
2026-03-05 17:33:53,158 - INFO - Saved voting_minutes_2026-01-29.pdf
2026-03-05 17:33:53,316 - INFO - Saved voting_minutes_2026-02-12.pdf
2026-03-05 17:33:53,506 - INFO - Saved voting_minutes_2025-01-09.pdf
2026-03-05 17:33:53,642 - INFO - Saved voting_minutes_2025-01-16.pdf
2026-03-05 17:33:53,740 - INFO - Saved voting_minutes_2025-01-23.pdf
2026-03-05 17:33:53,862 - INFO - Saved voting_minutes_2025-02-13.pdf
2026-03-05 17:33:53,985 - INFO - Saved voting_minutes_2025-02-27.pdf
2026-03-05 17:33:54,132 - INFO - Saved voting_minutes_2025-03-06.pdf
2026-03-05 17:33:54,246 - INFO - Saved voting_minutes_2025-03-27.pdf
2026-03-05 17:33:54,373 - INFO - Saved voting_minutes_2025-04-03.pdf
2026-03-05 17:33:54,493 - INFO - Saved voting_minutes_2025-04-17.pdf
2026-03-05 17:33:54,649 - INFO - Saved voting_minutes_2025-05-01.pdf
2026-03-05 17:33:54,762 - INFO - Saved voting_minutes_2025-05-15.pdf
2026-03-05 17:33:55,001 - INFO - Saved voting_minutes_2025-05-29.pdf
2026-03-05 17:33:55,184 - INFO - Saved voting_minutes_2025-06-05.pdf
2026-03-05 17:33:55,435 - INFO - Saved voting_minutes_2025-06-26.pdf
2026-03-05 17:33:55,508 - INFO - Saved voting_minutes_2025-07-17.pdf
2026-03-05 17:33:55,658 - INFO - Saved voting_minutes_2025-07-31.pdf
2026-03-05 17:33:55,758 - INFO - Saved voting_minutes_2025-08-07.pdf
2026-03-05 17:33:55,848 - INFO - Saved voting_minutes_2025-08-28.pdf
2026-03-05 17:33:56,097 - INFO - Saved voting_minutes_2025-09-18.pdf
2026-03-05 17:33:56,201 - INFO - Saved voting_minutes_2025-10-23.pdf
2026-03-05 17:33:57,529 - INFO - Saved voting_minutes_yyyy-11-06.pdf
2026-03-05 17:33:59,033 - INFO - Saved voting_minutes_yyyy-11-20.pdf
2026-03-05 17:33:59,141 - INFO - Saved voting_minutes_2025-12-04.pdf
2026-03-05 17:33:59,226 - INFO - Saved voting_minutes_2025-12-18.pdf
2026-03-05 17:33:59,333 - INFO - Saved voting_minutes_2024-01-04.pdf
2026-03-05 17:34:00,109 - INFO - Saved voting_minutes_2024-02-01.pdf
2026-03-05 17:34:00,294 - INFO - Saved voting_minutes_2024-02-08.pdf
2026-03-05 17:34:00,411 - INFO - Saved voting_minutes_2024-02-29.pdf
2026-03-05 17:34:00,509 - INFO - Saved voting_minutes_2024-03-07.pdf
2026-03-05 17:34:00,669 - INFO - Saved voting_minutes_2024-03-28.pdf
2026-03-05 17:34:00,779 - INFO - Saved voting_minutes_2024-04-04.pdf
2026-03-05 17:34:01,068 - INFO - Saved voting_minutes_2024-04-25.pdf
2026-03-05 17:34:01,158 - INFO - Saved voting_minutes_2024-05-01.pdf
2026-03-05 17:34:01,245 - INFO - Saved voting_minutes_2024-05-23.pdf
2026-03-05 17:34:01,342 - INFO - Saved voting_minutes_2024-06-06.pdf
2026-03-05 17:34:01,442 - INFO - Saved voting_minutes_2024-06-26.pdf
2026-03-05 17:34:01,679 - INFO - Saved voting_minutes_2024-07-11.pdf
2026-03-05 17:34:01,798 - INFO - Saved voting_minutes_2024-08-01.pdf
2026-03-05 17:34:01,918 - INFO - Saved voting_minutes_2024-08-08.pdf
2026-03-05 17:34:02,003 - INFO - Saved voting_minutes_2024-08-22.pdf
2026-03-05 17:34:02,106 - INFO - Saved voting_minutes_2024-09-12.pdf
2026-03-05 17:34:02,188 - INFO - Saved voting_minutes_2024-09-26.pdf
2026-03-05 17:34:02,297 - INFO - Saved voting_minutes_2024-10-17.pdf
2026-03-05 17:34:02,379 - INFO - Saved voting_minutes_2024-10-31.pdf
2026-03-05 17:34:02,493 - INFO - Saved voting_minutes_2024-11-14.pdf
2026-03-05 17:34:02,595 - INFO - Saved voting_minutes_2024-11-21.pdf
2026-03-05 17:34:02,725 - INFO - Saved voting_minutes_2024-12-12.pdf
2026-03-05 17:34:02,830 - INFO - Saved voting_minutes_2023-01-05.pdf
2026-03-05 17:34:02,991 - INFO - Saved voting_minutes_2023-01-25.pdf
2026-03-05 17:34:03,123 - INFO - Saved voting_minutes_2023-02-02.pdf
2026-03-05 17:34:03,216 - INFO - Saved voting_minutes_2023-02-16.pdf
2026-03-05 17:34:03,321 - INFO - Saved voting_minutes_2023-03-08.pdf
2026-03-05 17:34:03,393 - INFO - Saved voting_minutes_2023-03-30.pdf
2026-03-05 17:34:03,507 - INFO - Saved voting_minutes_2023-04-06.pdf
2026-03-05 17:34:03,649 - INFO - Saved voting_minutes_2023-04-27.pdf
2026-03-05 17:34:03,785 - INFO - Saved voting_minutes_2023-05-04.pdf
2026-03-05 17:34:03,889 - INFO - Saved voting_minutes_2023-05-25.pdf
2026-03-05 17:34:04,155 - INFO - Saved voting_minutes_2023-06-08.pdf
2026-03-05 17:34:04,259 - INFO - Saved voting_minutes_2023-06-29.pdf
2026-03-05 17:34:04,379 - INFO - Saved voting_minutes_2023-07-20.pdf
2026-03-05 17:34:04,476 - INFO - Saved voting_minutes_2023-08-17.pdf
2026-03-05 17:34:04,582 - INFO - Saved voting_minutes_2023-09-14.pdf
2026-03-05 17:34:04,719 - INFO - Saved voting_minutes_2023-09-28.pdf
2026-03-05 17:34:04,945 - INFO - Saved voting_minutes_2023-10-04.pdf
2026-03-05 17:34:05,051 - INFO - Saved voting_minutes_2023-10-26.pdf
2026-03-05 17:34:05,216 - INFO - Saved voting_minutes_2023-11-02.pdf
2026-03-05 17:34:05,319 - INFO - Saved voting_minutes_2023-11-16.pdf
2026-03-05 17:34:05,426 - INFO - Saved voting_minutes_2023-12-14.pdf
2026-03-05 17:34:05,564 - INFO - Saved voting_minutes_2022-01-06.pdf
2026-03-05 17:34:05,671 - INFO - Saved voting_minutes_2022-01-20.pdf
2026-03-05 17:34:05,771 - INFO - Saved voting_minutes_2022-01-27.pdf
2026-03-05 17:34:05,880 - INFO - Saved voting_minutes_2022-02-03.pdf
2026-03-05 17:34:05,994 - INFO - Saved voting_minutes_2022-02-17.pdf
2026-03-05 17:34:06,110 - INFO - Saved voting_minutes_2022-03-03.pdf
2026-03-05 17:34:06,205 - INFO - Saved voting_minutes_2022-03-24.pdf
2026-03-05 17:34:06,293 - INFO - Saved voting_minutes_2022-04-07.pdf
2026-03-05 17:34:06,442 - INFO - Saved voting_minutes_2022-04-28.pdf
2026-03-05 17:34:06,525 - INFO - Saved voting_minutes_2022-05-05.pdf
2026-03-05 17:34:06,616 - INFO - Saved voting_minutes_2022-05-26.pdf
2026-03-05 17:34:06,713 - INFO - Saved voting_minutes_2022-06-08.pdf
2026-03-05 17:34:06,826 - INFO - Saved voting_minutes_2022-06-30.pdf
2026-03-05 17:34:06,933 - INFO - Saved voting_minutes_2022-07-14.pdf
2026-03-05 17:34:07,022 - INFO - Saved voting_minutes_2022-07-28.pdf
2026-03-05 17:34:07,124 - INFO - Saved voting_minutes_2022-08-04.pdf
2026-03-05 17:34:07,277 - INFO - Saved voting_minutes_2022-08-25.pdf
2026-03-05 17:34:07,419 - INFO - Saved voting_minutes_2022-09-15.pdf
2026-03-05 17:34:07,521 - INFO - Saved voting_minutes_2022-09-29.pdf
2026-03-05 17:34:07,631 - INFO - Saved voting_minutes_2022-10-06.pdf
2026-03-05 17:34:07,735 - INFO - Saved voting_minutes_2022-10-26.pdf
2026-03-05 17:34:07,838 - INFO - Saved voting_minutes_2022-11-03.pdf
2026-03-05 17:34:07,952 - INFO - Saved voting_minutes_2022-11-17.pdf
2026-03-05 17:34:08,078 - INFO - Saved voting_minutes_2022-12-15.pdf
2026-03-05 17:34:08,221 - INFO - Saved voting_minutes_2021-01-21.pdf
2026-03-05 17:34:08,319 - INFO - Saved voting_minutes_2021-01-28.pdf
2026-03-05 17:34:08,497 - INFO - Saved voting_minutes_2021-02-04.pdf
2026-03-05 17:34:08,614 - INFO - Saved voting_minutes_2021-02-25.pdf
2026-03-05 17:34:08,877 - INFO - Saved voting_minutes_2021-03-04.pdf
2026-03-05 17:34:08,977 - INFO - Saved voting_minutes_2021-04-01.pdf
2026-03-05 17:34:09,066 - INFO - Saved voting_minutes_yyyy-mm-dd.pdf
2026-03-05 17:34:09,183 - INFO - Saved voting_minutes_2021-04-08.pdf
2026-03-05 17:34:09,248 - INFO - No change - voting_minutes_yyyy-mm-dd.pdf is up to date
2026-03-05 17:34:09,349 - INFO - Saved voting_minutes_2021-04-20.pdf
2026-03-05 17:34:09,462 - INFO - Saved voting_minutes_2021-04-29.pdf
2026-03-05 17:34:09,579 - INFO - Saved voting_minutes_2021-05-06.pdf
2026-03-05 17:34:09,674 - INFO - Saved voting_minutes_2021-05-27.pdf
2026-03-05 17:34:09,978 - INFO - Saved voting_minutes_2021-06-03.pdf
2026-03-05 17:34:10,073 - INFO - Saved voting_minutes_2021-06-24.pdf
2026-03-05 17:34:10,171 - INFO - Saved voting_minutes_2021-07-01.pdf
2026-03-05 17:34:10,286 - INFO - Saved voting_minutes_2021-07-29.pdf
2026-03-05 17:34:10,393 - INFO - Saved voting_minutes_2021-08-09.pdf
2026-03-05 17:34:10,562 - INFO - Saved voting_minutes_2021-08-26.pdf
2026-03-05 17:34:10,754 - INFO - Saved voting_minutes_2021-09-02.pdf
2026-03-05 17:34:10,869 - INFO - Saved voting_minutes_2021-09-30.pdf
2026-03-05 17:34:10,997 - INFO - Saved voting_minutes_2021-10-07.pdf
2026-03-05 17:34:11,242 - INFO - Saved voting_minutes_2021-10-28.pdf
2026-03-05 17:34:11,357 - INFO - Saved voting_minutes_2021-11-04.pdf
2026-03-05 17:34:11,462 - INFO - Saved voting_minutes_2021-11-18.pdf
2026-03-05 17:34:11,532 - INFO - Saved voting_minutes_2021-12-02.pdf
2026-03-05 17:34:11,674 - INFO - Saved voting_minutes_2021-12-16.pdf
2026-03-05 17:34:11,776 - INFO - Saved voting_minutes_2020-12-23.pdf
2026-03-05 17:34:11,854 - INFO - Saved voting_minutes_2020-12-03.pdf
2026-03-05 17:34:11,968 - INFO - Saved voting_minutes_2020-11-05.pdf
2026-03-05 17:34:12,062 - INFO - Saved voting_minutes_2020-10-29.pdf
2026-03-05 17:34:12,167 - INFO - Saved voting_minutes_2020-10-08.pdf
2026-03-05 17:34:12,278 - INFO - Saved voting_minutes_2020-10-01.pdf
2026-03-05 17:34:12,383 - INFO - Saved voting_minutes_2020-09-17.pdf
2026-03-05 17:34:12,495 - INFO - Saved voting_minutes_2020-09-10.pdf
2026-03-05 17:34:12,707 - INFO - No change - voting_minutes_2020-09-10.pdf is up to date
2026-03-05 17:34:12,809 - INFO - Saved voting_minutes_2020-08-20.pdf
2026-03-05 17:34:12,905 - INFO - Saved voting_minutes_2020-08-13.pdf
2026-03-05 17:34:13,098 - INFO - Saved voting_minutes_2020-07-30.pdf
2026-03-05 17:34:13,187 - INFO - Saved voting_minutes_2020-07-16.pdf
2026-03-05 17:34:13,343 - INFO - Saved voting_minutes_2020-06-04.pdf
2026-03-05 17:34:13,443 - INFO - Saved voting_minutes_2020-05-28.pdf
2026-03-05 17:34:13,541 - INFO - Saved voting_minutes_2020-05-21.pdf
2026-03-05 17:34:13,636 - INFO - Saved voting_minutes_2020-05-14.pdf
2026-03-05 17:34:13,753 - INFO - Saved voting_minutes_2020-05-07.pdf
2026-03-05 17:34:13,886 - INFO - Saved voting_minutes_2020-04-23.pdf
2026-03-05 17:34:13,990 - INFO - Saved voting_minutes_2020-04-30.pdf
2026-03-05 17:34:13,991 - INFO - Download process completed.
2026-03-05 17:34:13,991 - INFO - Application finished successfully.
2026-03-05 17:34:13,991 - INFO - Total runtime: 0 minutes 24.24 seconds
